# JRE version: OpenJDK Runtime Environment (11.0.10) (build 11.0.10+0-b96-7281165)
# Java VM: OpenJDK 64-Bit Server VM (11.0.10+0-b96-7281165, mixed mode, tiered, compressed oops, g1 gc, bsd-amd64)
Heap:
 garbage-first heap   total 516096K, used 412160K [0x0000000780000000, 0x0000000800000000)
  region size 1024K, 53 young (54272K), 8 survivors (8192K)
 Metaspace       used 206367K, capacity 213479K, committed 230272K, reserved 1249280K
  class space    used 25637K, capacity 28196K, committed 30592K, reserved 1048576K
GC Heap History (20 events):
Event: 29004.086 GC heap before
{Heap before GC invocations=170 (full 0):
 garbage-first heap   total 516096K, used 348966K [0x0000000780000000, 0x0000000800000000)
  region size 1024K, 97 young (99328K), 11 survivors (11264K)
 Metaspace       used 205594K, capacity 212484K, committed 230272K, reserved 1249280K
  class space    used 25579K, capacity 28070K, committed 30592K, reserved 1048576K
}
Event: 29004.243 GC heap after
{Heap after GC invocations=171 (full 0):
 garbage-first heap   total 516096K, used 268327K [0x0000000780000000, 0x0000000800000000)
  region size 1024K, 8 young (8192K), 8 survivors (8192K)
 Metaspace       used 205594K, capacity 212484K, committed 230272K, reserved 1249280K
  class space    used 25579K, capacity 28070K, committed 30592K, reserved 1048576K
}
Event: 29096.857 GC heap before
{Heap before GC invocations=171 (full 0):
 garbage-first heap   total 516096K, used 348199K [0x0000000780000000, 0x0000000800000000)
  region size 1024K, 87 young (89088K), 8 survivors (8192K)
 Metaspace       used 205750K, capacity 212626K, committed 230272K, reserved 1249280K
  class space    used 25598K, capacity 28131K, committed 30592K, reserved 1048576K
}
Event: 29096.884 GC heap after
{Heap after GC invocations=172 (full 0):
 garbage-first heap   total 516096K, used 269362K [0x0000000780000000, 0x0000000800000000)
  region size 1024K, 5 young (5120K), 5 survivors (5120K)
 Metaspace       used 205750K, capacity 212626K, committed 230272K, reserved 1249280K
  class space    used 25598K, capacity 28131K, committed 30592K, reserved 1048576K
}
Event: 29820.514 GC heap before
{Heap before GC invocations=172 (full 0):
 garbage-first heap   total 516096K, used 421938K [0x0000000780000000, 0x0000000800000000)
  region size 1024K, 150 young (153600K), 5 survivors (5120K)
 Metaspace       used 206053K, capacity 213175K, committed 230272K, reserved 1249280K
  class space    used 25620K, capacity 28171K, committed 30592K, reserved 1048576K
}
Event: 29820.675 GC heap after
{Heap after GC invocations=173 (full 0):
 garbage-first heap   total 516096K, used 294314K [0x0000000780000000, 0x0000000800000000)
  region size 1024K, 19 young (19456K), 19 survivors (19456K)
 Metaspace       used 206053K, capacity 213175K, committed 230272K, reserved 1249280K
  class space    used 25620K, capacity 28171K, committed 30592K, reserved 1048576K
}
Event: 29821.327 GC heap before
{Heap before GC invocations=173 (full 0):
 garbage-first heap   total 516096K, used 356778K [0x0000000780000000, 0x0000000800000000)
  region size 1024K, 73 young (74752K), 19 survivors (19456K)
 Metaspace       used 206081K, capacity 213175K, committed 230272K, reserved 1249280K
  class space    used 25620K, capacity 28171K, committed 30592K, reserved 1048576K
}
Event: 29821.561 GC heap after
{Heap after GC invocations=174 (full 0):
 garbage-first heap   total 516096K, used 304128K [0x0000000780000000, 0x0000000800000000)
  region size 1024K, 9 young (9216K), 9 survivors (9216K)
 Metaspace       used 206081K, capacity 213175K, committed 230272K, reserved 1249280K
  class space    used 25620K, capacity 28171K, committed 30592K, reserved 1048576K
}
Event: 29821.703 GC heap before
{Heap before GC invocations=174 (full 0):
 garbage-first heap   total 516096K, used 354304K [0x0000000780000000, 0x0000000800000000)
  region size 1024K, 58 young (59392K), 9 survivors (9216K)
 Metaspace       used 206081K, capacity 213175K, committed 230272K, reserved 1249280K
  class space    used 25620K, capacity 28171K, committed 30592K, reserved 1048576K
}
Event: 29821.727 GC heap after
{Heap after GC invocations=175 (full 0):
 garbage-first heap   total 516096K, used 305641K [0x0000000780000000, 0x0000000800000000)
  region size 1024K, 2 young (2048K), 2 survivors (2048K)
 Metaspace       used 206081K, capacity 213175K, committed 230272K, reserved 1249280K
  class space    used 25620K, capacity 28171K, committed 30592K, reserved 1048576K
}
Event: 29821.835 GC heap before
{Heap before GC invocations=175 (full 0):
 garbage-first heap   total 516096K, used 375273K [0x0000000780000000, 0x0000000800000000)
  region size 1024K, 70 young (71680K), 2 survivors (2048K)
 Metaspace       used 206083K, capacity 213176K, committed 230272K, reserved 1249280K
  class space    used 25620K, capacity 28171K, committed 30592K, reserved 1048576K
}
Event: 29821.837 GC heap after
{Heap after GC invocations=176 (full 0):
 garbage-first heap   total 516096K, used 304622K [0x0000000780000000, 0x0000000800000000)
  region size 1024K, 1 young (1024K), 1 survivors (1024K)
 Metaspace       used 206083K, capacity 213176K, committed 230272K, reserved 1249280K
  class space    used 25620K, capacity 28171K, committed 30592K, reserved 1048576K
}
Event: 29822.802 GC heap before
{Heap before GC invocations=176 (full 0):
 garbage-first heap   total 516096K, used 417262K [0x0000000780000000, 0x0000000800000000)
  region size 1024K, 96 young (98304K), 1 survivors (1024K)
 Metaspace       used 206215K, capacity 213328K, committed 230272K, reserved 1249280K
  class space    used 25623K, capacity 28176K, committed 30592K, reserved 1048576K
}
Event: 29822.831 GC heap after
{Heap after GC invocations=177 (full 0):
 garbage-first heap   total 516096K, used 308129K [0x0000000780000000, 0x0000000800000000)
  region size 1024K, 4 young (4096K), 4 survivors (4096K)
 Metaspace       used 206215K, capacity 213328K, committed 230272K, reserved 1249280K
  class space    used 25623K, capacity 28176K, committed 30592K, reserved 1048576K
}
Event: 29823.275 GC heap before
{Heap before GC invocations=177 (full 0):
 garbage-first heap   total 516096K, used 378785K [0x0000000780000000, 0x0000000800000000)
  region size 1024K, 62 young (63488K), 4 survivors (4096K)
 Metaspace       used 206266K, capacity 213352K, committed 230272K, reserved 1249280K
  class space    used 25630K, capacity 28183K, committed 30592K, reserved 1048576K
}
Event: 29823.328 GC heap after
{Heap after GC invocations=178 (full 0):
 garbage-first heap   total 516096K, used 322851K [0x0000000780000000, 0x0000000800000000)
  region size 1024K, 10 young (10240K), 10 survivors (10240K)
 Metaspace       used 206266K, capacity 213352K, committed 230272K, reserved 1249280K
  class space    used 25630K, capacity 28183K, committed 30592K, reserved 1048576K
}
Event: 29824.112 GC heap before
{Heap before GC invocations=178 (full 0):
 garbage-first heap   total 516096K, used 420131K [0x0000000780000000, 0x0000000800000000)
  region size 1024K, 104 young (106496K), 10 survivors (10240K)
 Metaspace       used 206349K, capacity 213475K, committed 230272K, reserved 1249280K
  class space    used 25636K, capacity 28195K, committed 30592K, reserved 1048576K
}
Event: 29824.286 GC heap after
{Heap after GC invocations=179 (full 0):
 garbage-first heap   total 516096K, used 351860K [0x0000000780000000, 0x0000000800000000)
  region size 1024K, 13 young (13312K), 13 survivors (13312K)
 Metaspace       used 206349K, capacity 213475K, committed 230272K, reserved 1249280K
  class space    used 25636K, capacity 28195K, committed 30592K, reserved 1048576K
}
Event: 29824.668 GC heap before
{Heap before GC invocations=179 (full 0):
 garbage-first heap   total 516096K, used 399988K [0x0000000780000000, 0x0000000800000000)
  region size 1024K, 60 young (61440K), 13 survivors (13312K)
 Metaspace       used 206362K, capacity 213478K, committed 230272K, reserved 1249280K
  class space    used 25637K, capacity 28196K, committed 30592K, reserved 1048576K
}
Event: 29824.773 GC heap after
{Heap after GC invocations=180 (full 0):
 garbage-first heap   total 516096K, used 366080K [0x0000000780000000, 0x0000000800000000)
  region size 1024K, 8 young (8192K), 8 survivors (8192K)
 Metaspace       used 206362K, capacity 213478K, committed 230272K, reserved 1249280K
  class space    used 25637K, capacity 28196K, committed 30592K, reserved 1048576K
}

